<?xml version="1.0" encoding="UTF-8"?>
<testsuites>
    <testsuite name="force.apex" timestamp="2026-04-07T03:27:28.000Z" hostname="https://tgthrnpc--benefits.sandbox.my.salesforce.com" tests="455" failures="12"  errors="0"  time="71.09">
        <properties>
            <property name="outcome" value="Failed"/>
            <property name="testsRan" value="455"/>
            <property name="passing" value="443"/>
            <property name="failing" value="12"/>
            <property name="skipped" value="0"/>
            <property name="passRate" value="97%"/>
            <property name="failRate" value="3%"/>
            <property name="testStartTime" value="Mon Apr 06 2026 9:27:28 PM"/>
            <property name="testSetupTimeInMs" value="17162"/>
            <property name="testExecutionTime" value="71.09 s"/>
            <property name="testTotalTime" value="88.25 s"/>
            <property name="commandTime" value="0.21 s"/>
            <property name="hostname" value="https://tgthrnpc--benefits.sandbox.my.salesforce.com"/>
            <property name="orgId" value="00DRT000008A0Oj2AK"/>
            <property name="username" value="sessey@tgthr.org.benefits"/>
            <property name="testRunId" value="707RT00002DanG8"/>
            <property name="userId" value="005VY000003VsDhYAK"/>
            <property name="coveredLines" value="7818"/>
            <property name="testRunCoverage" value="56%"/>
            <property name="orgWideCoverage" value="43%"/>
        </properties>
        <testcase name="emptyInputCollectionReturnsEmpty" classname="ExtractStringsFromCollectionTest" time="0.01">
        </testcase>
        <testcase name="emptyInputCollectionThrowsError" classname="ExtractStringsFromCollectionTest" time="0.01">
        </testcase>
        <testcase name="extractTextCollectionNoDedupe" classname="ExtractStringsFromCollectionTest" time="0.01">
        </testcase>
        <testcase name="extractTextCollectionSuccess" classname="ExtractStringsFromCollectionTest" time="0.01">
        </testcase>
        <testcase name="extractTextCollectionSuccessNullValues" classname="ExtractStringsFromCollectionTest" time="0.33">
        </testcase>
        <testcase name="testBuildInterviewDocumentPayload_NullId" classname="InterviewDocumentServiceTest" time="0.04">
        </testcase>
        <testcase name="testBuildInterviewDocumentPayload_ValidSummary" classname="InterviewDocumentServiceTest" time="0.19">
        </testcase>
        <testcase name="testBuildSsrsResponseItemsFromData_EmptyData" classname="InterviewDocumentServiceTest" time="0.01">
        </testcase>
        <testcase name="testBuildSsrsResponseItemsFromData_FullData" classname="InterviewDocumentServiceTest" time="0.01">
        </testcase>
        <testcase name="testBuildSsrsResponseItemsFromData_NullData" classname="InterviewDocumentServiceTest" time="0.01">
        </testcase>
        <testcase name="testGenerateDocumentAsync" classname="InterviewDocumentServiceTest" time="0.12">
        </testcase>
        <testcase name="testGenerateDocumentByInterviewId_NullId" classname="InterviewDocumentServiceTest" time="0.01">
        </testcase>
        <testcase name="testGenerateDocumentByInterviewId_Success" classname="InterviewDocumentServiceTest" time="0.11">
        </testcase>
        <testcase name="testGenerateDocument_HttpError" classname="InterviewDocumentServiceTest" time="0.11">
        </testcase>
        <testcase name="testGenerateDocument_Success" classname="InterviewDocumentServiceTest" time="0.10">
        </testcase>
        <testcase name="testIsDocumentGenerationAvailable_NoTemplate" classname="InterviewDocumentServiceTest" time="0.01">
        </testcase>
        <testcase name="testIsDocumentGenerationAvailable_NullId" classname="InterviewDocumentServiceTest" time="0.01">
        </testcase>
        <testcase name="testItemTypes" classname="InterviewDocumentServiceTest" time="0.00">
        </testcase>
        <testcase name="testPreviewDocument_HttpError" classname="InterviewDocumentServiceTest" time="0.10">
        </testcase>
        <testcase name="testPreviewDocument_Success" classname="InterviewDocumentServiceTest" time="0.11">
        </testcase>
        <testcase name="testSectionKinds" classname="InterviewDocumentServiceTest" time="0.00">
        </testcase>
        <testcase name="testUpsertInterviewDocument_CreateNew" classname="InterviewDocumentServiceTest" time="0.38">
        </testcase>
        <testcase name="testUpsertInterviewDocument_NullInterviewId" classname="InterviewDocumentServiceTest" time="0.01">
        </testcase>
        <testcase name="testValidateInteractionSummary_NullId" classname="InterviewDocumentServiceTest" time="0.01">
        </testcase>
        <testcase name="testValidateInteractionSummary_Valid" classname="InterviewDocumentServiceTest" time="0.01">
        </testcase>
        <testcase name="testGetCensusByProgramId_blankId" classname="ProgramCensusControllerTest" time="0.02">
        </testcase>
        <testcase name="testGetCensusByProgramId_invalidIdFormat" classname="ProgramCensusControllerTest" time="0.01">
        </testcase>
        <testcase name="testGetCensusByProgramId_nullId" classname="ProgramCensusControllerTest" time="0.00">
        </testcase>
        <testcase name="testGetCensusByProgramId_programNotFound" classname="ProgramCensusControllerTest" time="0.03">
        </testcase>
        <testcase name="testGetCensusByProgramId_successPath" classname="ProgramCensusControllerTest" time="1.40">
        </testcase>
        <testcase name="testGetCensus_blankProgramName" classname="ProgramCensusControllerTest" time="0.00">
        </testcase>
        <testcase name="testGetCensus_cacheableQuery" classname="ProgramCensusControllerTest" time="0.42">
        </testcase>
        <testcase name="testGetCensus_limitCapped" classname="ProgramCensusControllerTest" time="0.38">
        </testcase>
        <testcase name="testGetCensus_multipleEnrollments" classname="ProgramCensusControllerTest" time="0.96">
        </testcase>
        <testcase name="testGetCensus_multipleOpenCases" classname="ProgramCensusControllerTest" time="1.02">
        </testcase>
        <testcase name="testGetCensus_noCaseManager" classname="ProgramCensusControllerTest" time="0.41">
        </testcase>
        <testcase name="testGetCensus_nullLimit" classname="ProgramCensusControllerTest" time="0.39">
        </testcase>
        <testcase name="testGetCensus_nullProgramName" classname="ProgramCensusControllerTest" time="0.00">
        </testcase>
        <testcase name="testGetCensus_programNotFound" classname="ProgramCensusControllerTest" time="0.01">
        </testcase>
        <testcase name="testGetCensus_statusFiltering" classname="ProgramCensusControllerTest" time="0.69">
        </testcase>
        <testcase name="testGetCensus_successPath" classname="ProgramCensusControllerTest" time="0.40">
        </testcase>
        <testcase name="testGetCensus_withCaseManager" classname="ProgramCensusControllerTest" time="0.69">
        </testcase>
        <testcase name="testGetCensus_zeroOrNegativeLimit" classname="ProgramCensusControllerTest" time="0.40">
        </testcase>
        <testcase name="testUpdateParticipantFields_bulkUpdates" classname="ProgramCensusControllerTest" time="0.26">
        </testcase>
        <testcase name="testUpdateParticipantFields_emptyUpdates" classname="ProgramCensusControllerTest" time="0.01">
        </testcase>
        <testcase name="testUpdateParticipantFields_invalidAccountId" classname="ProgramCensusControllerTest" time="0.00">
        </testcase>
        <testcase name="testUpdateParticipantFields_multipleFieldsUpdate" classname="ProgramCensusControllerTest" time="0.24">
        </testcase>
        <testcase name="testUpdateParticipantFields_nullFields" classname="ProgramCensusControllerTest" time="0.11">
        </testcase>
        <testcase name="testUpdateParticipantFields_singleFieldUpdate" classname="ProgramCensusControllerTest" time="0.23">
        </testcase>
        <testcase name="testCreateInteractionDirectly" classname="InteractionSummaryServiceTest" time="0.64">
        </testcase>
        <testcase name="testGetActiveProgramEnrollments" classname="InteractionSummaryServiceTest" time="1.38">
        </testcase>
        <testcase name="testGetActiveProgramEnrollmentsByProgramId" classname="InteractionSummaryServiceTest" time="0.77">
        </testcase>
        <testcase name="testGetProgramEnrollments" classname="InteractionSummaryServiceTest" time="0.75">
        </testcase>
        <testcase name="testGetProgramEnrollmentsByProgramId" classname="InteractionSummaryServiceTest" time="0.73">
        </testcase>
        <testcase name="testGetRecentEngagements" classname="InteractionSummaryServiceTest" time="0.27">
        </testcase>
        <testcase name="testGetRecentEngagementsByProgramId" classname="InteractionSummaryServiceTest" time="0.24">
        </testcase>
        <testcase name="testMarkAddressed" classname="InteractionSummaryServiceTest" time="0.81">
        </testcase>
        <testcase name="testRecent" classname="InteractionSummaryServiceTest" time="0.20">
        </testcase>
        <testcase name="testRecentByProgramId" classname="InteractionSummaryServiceTest" time="0.19">
        </testcase>
        <testcase name="testRecentDisbursementsByProgramId" classname="InteractionSummaryServiceTest" time="0.04">
        </testcase>
        <testcase name="testRecentIncidents" classname="InteractionSummaryServiceTest" time="0.72">
        </testcase>
        <testcase name="testRecentIncidents_NullAccount" classname="InteractionSummaryServiceTest" time="0.01">
        </testcase>
        <testcase name="testThread" classname="InteractionSummaryServiceTest" time="0.83">
        </testcase>
        <testcase name="testThread_NullAccount" classname="InteractionSummaryServiceTest" time="0.01">
        </testcase>
        <testcase name="testAssignmentChecksAndCreation" classname="BenefitDisbursementServiceCoverageTest" time="1.03">
        </testcase>
        <testcase name="testCreateDisbursementsErrorsAndEmptyResults" classname="BenefitDisbursementServiceCoverageTest" time="0.26">
        </testcase>
        <testcase name="testCreateDisbursementsSuccessAndWrappers" classname="BenefitDisbursementServiceCoverageTest" time="1.72">
        </testcase>
        <testcase name="testHousingSyncWithCreatedEnrollment" classname="BenefitDisbursementServiceCoverageTest" time="0.90">
        </testcase>
        <testcase name="testOptionLookupsAndUtilityMethods" classname="BenefitDisbursementServiceCoverageTest" time="0.08">
        </testcase>
        <testcase name="testBooleanComparable" classname="SortCollectionTest" time="0.01">
        </testcase>
        <testcase name="testBulkification" classname="SortCollectionTest" time="0.01">
        </testcase>
        <testcase name="testDateimeComparable" classname="SortCollectionTest" time="0.01">
        </testcase>
        <testcase name="testDecimalComparable" classname="SortCollectionTest" time="0.01">
        </testcase>
        <testcase name="testDoubleComparableIntegerFieldType" classname="SortCollectionTest" time="0.01">
        </testcase>
        <testcase name="testDoubleComparableLongFieldType" classname="SortCollectionTest" time="0.01">
        </testcase>
        <testcase name="testSortBooleanContactEmailOptOutAsc" classname="SortCollectionTest" time="0.03">
        </testcase>
        <testcase name="testSortBooleanContactEmailOptOutDesc" classname="SortCollectionTest" time="0.02">
        </testcase>
        <testcase name="testSortBooleanContactFaxOptOutAscAllNull" classname="SortCollectionTest" time="0.02">
        </testcase>
        <testcase name="testSortCurrencyCampaignExpectedRevenueAsc" classname="SortCollectionTest" time="0.02">
        </testcase>
        <testcase name="testSortCurrencyCampaignExpectedRevenueDesc" classname="SortCollectionTest" time="0.02">
        </testcase>
        <testcase name="testSortDateContactBirthdateAsc" classname="SortCollectionTest" time="0.02">
        </testcase>
        <testcase name="testSortDateContactBirthdateDesc" classname="SortCollectionTest" time="0.02">
        </testcase>
        <testcase name="testSortDatetimeContactCreatedDateAsc" classname="SortCollectionTest" time="0.02">
        </testcase>
        <testcase name="testSortDatetimeContactCreatedDateDesc" classname="SortCollectionTest" time="0.02">
        </testcase>
        <testcase name="testSortDatetimeContractActivatedDateAsc" classname="SortCollectionTest" time="0.02">
        </testcase>
        <testcase name="testSortDatetimeContractActivatedDateDesc" classname="SortCollectionTest" time="0.02">
        </testcase>
        <testcase name="testSortIdContactIdDesc" classname="SortCollectionTest" time="0.02">
        </testcase>
        <testcase name="testSortLookupContactIdDesc" classname="SortCollectionTest" time="0.02">
        </testcase>
        <testcase name="testSortPercentageCampaignExpectedResponseAsc" classname="SortCollectionTest" time="0.02">
        </testcase>
        <testcase name="testSortPercentageCampaignExpectedResponseDesc" classname="SortCollectionTest" time="0.02">
        </testcase>
        <testcase name="testSortPicklistContactLeadAsc" classname="SortCollectionTest" time="0.03">
        </testcase>
        <testcase name="testSortPicklistContactLeadDesc" classname="SortCollectionTest" time="0.02">
        </testcase>
        <testcase name="testSortStringContactDepartmentAscAllNull" classname="SortCollectionTest" time="0.02">
        </testcase>
        <testcase name="testSortStringContactEmailAscSomeNull" classname="SortCollectionTest" time="0.02">
        </testcase>
        <testcase name="testSortStringContactEmailDescSomeNull" classname="SortCollectionTest" time="0.02">
        </testcase>
        <testcase name="testSortStringContactFirstNameAscSomeNull" classname="SortCollectionTest" time="0.02">
        </testcase>
        <testcase name="testSortStringContactIdAsc" classname="SortCollectionTest" time="0.02">
        </testcase>
        <testcase name="testSortStringContactLastNameAsc" classname="SortCollectionTest" time="0.02">
        </testcase>
        <testcase name="testSortStringContactLastNameDesc" classname="SortCollectionTest" time="0.02">
        </testcase>
        <testcase name="testSortStringContactPhoneAsc" classname="SortCollectionTest" time="0.02">
        </testcase>
        <testcase name="testSortStringContactPhoneDesc" classname="SortCollectionTest" time="0.02">
        </testcase>
        <testcase name="testSortableWrapperCompareToUnsupportedType" classname="SortCollectionTest" time="0.01">
        </testcase>
        <testcase name="testTimeComparable" classname="SortCollectionTest" time="0.01">
        </testcase>
        <testcase name="test_Add" classname="CollectionCalculate_Test" time="0.46">
        </testcase>
        <testcase name="test_Average" classname="CollectionCalculate_Test" time="0.12">
        </testcase>
        <testcase name="test_Count" classname="CollectionCalculate_Test" time="0.11">
        </testcase>
        <testcase name="test_Max" classname="CollectionCalculate_Test" time="0.12">
        </testcase>
        <testcase name="test_Min" classname="CollectionCalculate_Test" time="0.12">
        </testcase>
        <testcase name="test_Multiply" classname="CollectionCalculate_Test" time="0.15">
        </testcase>
        <testcase name="test_Sum" classname="CollectionCalculate_Test" time="0.13">
        </testcase>
        <testcase name="testDocumentInfoInstantiation" classname="InterviewDocumentControllerTest" time="0.01">
        </testcase>
        <testcase name="testGenerateNoteDocumentAsync" classname="InterviewDocumentControllerTest" time="0.02">
        </testcase>
        <testcase name="testGenerateNoteDocument_HttpError" classname="InterviewDocumentControllerTest" time="0.01">
        </testcase>
        <testcase name="testGenerateNoteDocument_Null" classname="InterviewDocumentControllerTest" time="0.01">
        </testcase>
        <testcase name="testGenerateNoteDocument_Success" classname="InterviewDocumentControllerTest" time="0.01">
        </testcase>
        <testcase name="testGetDocumentsForContext_Null" classname="InterviewDocumentControllerTest" time="0.01">
        </testcase>
        <testcase name="testGetDocumentsForContext_WithAccount" classname="InterviewDocumentControllerTest" time="0.16">
        </testcase>
        <testcase name="testGetDocumentsForContext_WithCase" classname="InterviewDocumentControllerTest" time="0.28">
        </testcase>
        <testcase name="testGetDocumentsForContext_WithInteractionSummary" classname="InterviewDocumentControllerTest" time="0.09">
        </testcase>
        <testcase name="testGetDownloadUrl_NotFound" classname="InterviewDocumentControllerTest" time="0.01">
        </testcase>
        <testcase name="testGetDownloadUrl_WithPdf" classname="InterviewDocumentControllerTest" time="0.38">
        </testcase>
        <testcase name="testGetDownloadUrl_WithoutPdf" classname="InterviewDocumentControllerTest" time="0.02">
        </testcase>
        <testcase name="testGetNoteDownloadUrl_Null" classname="InterviewDocumentControllerTest" time="0.01">
        </testcase>
        <testcase name="testGetNoteDownloadUrl_Success" classname="InterviewDocumentControllerTest" time="0.01">
        </testcase>
        <testcase name="testGetNotePreviewUrl_Null" classname="InterviewDocumentControllerTest" time="0.01">
        </testcase>
        <testcase name="testGetNotePreviewUrl_Success" classname="InterviewDocumentControllerTest" time="0.01">
        </testcase>
        <testcase name="testGetPreviewUrl_NotFound" classname="InterviewDocumentControllerTest" time="0.01">
        </testcase>
        <testcase name="testGetPreviewUrl_Success" classname="InterviewDocumentControllerTest" time="0.02">
        </testcase>
        <testcase name="testRecallDocument_InterviewType" classname="InterviewDocumentControllerTest" time="0.12">
        </testcase>
        <testcase name="testRecallDocument_InvalidType" classname="InterviewDocumentControllerTest" time="0.01">
        </testcase>
        <testcase name="testRecallDocument_NoteType" classname="InterviewDocumentControllerTest" time="0.20">
        </testcase>
        <testcase name="testRecallInterviewDocument_NotFound" classname="InterviewDocumentControllerTest" time="0.01">
        </testcase>
        <testcase name="testRecallInterviewDocument_Success" classname="InterviewDocumentControllerTest" time="0.08">
        </testcase>
        <testcase name="testCheckRecordLockStatus" classname="RecordAccessServiceTest" time="0.01">
        </testcase>
        <testcase name="testCheckRecordLockStatusNullInput" classname="RecordAccessServiceTest" time="0.01">
        </testcase>
        <testcase name="testGetCuriosityBrowseReport" classname="RecordAccessServiceTest" time="0.03">
        </testcase>
        <testcase name="testGetRecordAuditTrail" classname="RecordAccessServiceTest" time="0.01">
        </testcase>
        <testcase name="testGetRecordAuditTrailNullInput" classname="RecordAccessServiceTest" time="0.01">
        </testcase>
        <testcase name="testLogAmendmentMissingReason" classname="RecordAccessServiceTest" time="0.01">
        </testcase>
        <testcase name="testLogAmendmentNullRecordId" classname="RecordAccessServiceTest" time="0.01">
        </testcase>
        <testcase name="testLogRecordAccess" classname="RecordAccessServiceTest" time="0.13">
        </testcase>
        <testcase name="testLogRecordAccessNullInput" classname="RecordAccessServiceTest" time="0.00">
        </testcase>
        <testcase name="canUpsertExistingRecords" classname="UpsertRecordsTest" time="0.38">
        </testcase>
        <testcase name="canUpsertNewRecords" classname="UpsertRecordsTest" time="0.21">
        </testcase>
        <testcase name="canUpsertRecords" classname="UpsertRecordsTest" time="0.45">
        </testcase>
        <testcase name="testTrigger" classname="dlrs_AccountTest" time="0.13">
        </testcase>
        <testcase name="testLogForCarePlan" classname="AuditLogServiceTest" time="0.33">
        </testcase>
        <testcase name="testLogForCase" classname="AuditLogServiceTest" time="0.06">
        </testcase>
        <testcase name="testLogForInteractionSummary" classname="AuditLogServiceTest" time="0.06">
        </testcase>
        <testcase name="testLogForPersonAccount" classname="AuditLogServiceTest" time="0.05">
        </testcase>
        <testcase name="testLogForReferral" classname="AuditLogServiceTest" time="0.06">
        </testcase>
        <testcase name="testTrigger" classname="dlrs_BenefitDisbursementTest" time="2.18">
        </testcase>
        <testcase name="canConvertString" classname="ConvertCSVToStringCollectionTest_CP" time="0.01">
        </testcase>
        <testcase name="canConvertStringCollection" classname="ConvertCSVToStringCollectionTest_CP" time="0.01">
        </testcase>
        <testcase name="canConvertStringCollectionWithDelimiter" classname="ConvertCSVToStringCollectionTest_CP" time="0.00">
        </testcase>
        <testcase name="canConvertStringWithDelimiter" classname="ConvertCSVToStringCollectionTest_CP" time="0.00">
        </testcase>
        <testcase name="testCompleteInterviewCreates1440EnrollmentWhenSelected" classname="InterviewCompletionServiceTest" time="0.97">
        </testcase>
        <testcase name="testCompleteInterviewCreatesNest56EnrollmentWhenSelected" classname="InterviewCompletionServiceTest" time="0.30">
        </testcase>
        <testcase name="testCompleteInterviewDoesNotDuplicateExistingEnrollment" classname="InterviewCompletionServiceTest" time="0.23">
        </testcase>
        <testcase name="testCompleteInterviewSkipsUnsupportedSelectedProgram" classname="InterviewCompletionServiceTest" time="0.40">
        </testcase>
        <testcase name="testCreateDisbursementsWithAssignments" classname="BenefitDisbursementServiceTestExt" time="0.00">
            <failure message="System.DmlException: Insert failed. First exception on row 0; first error: INSUFFICIENT_ACCESS_ON_CROSS_REFERENCE_ENTITY, insufficient access rights on cross-reference id: []"><![CDATA[Class.BenefitDisbursementServiceTestExt.setupTestData: line 28, column 1]]></failure>
        </testcase>
        <testcase name="testCreateMissingBenefitAssignments" classname="BenefitDisbursementServiceTestExt" time="0.00">
            <failure message="System.DmlException: Insert failed. First exception on row 0; first error: INSUFFICIENT_ACCESS_ON_CROSS_REFERENCE_ENTITY, insufficient access rights on cross-reference id: []"><![CDATA[Class.BenefitDisbursementServiceTestExt.setupTestData: line 28, column 1]]></failure>
        </testcase>
        <testcase name="testDateFormatHandling" classname="BenefitDisbursementServiceTestExt" time="0.00">
            <failure message="System.DmlException: Insert failed. First exception on row 0; first error: INSUFFICIENT_ACCESS_ON_CROSS_REFERENCE_ENTITY, insufficient access rights on cross-reference id: []"><![CDATA[Class.BenefitDisbursementServiceTestExt.setupTestData: line 28, column 1]]></failure>
        </testcase>
        <testcase name="testIngestEncounter_accountUpsertByUuid" classname="ProgramEnrollmentServiceTest" time="3.99">
        </testcase>
        <testcase name="testIngestEncounter_caseCreation" classname="ProgramEnrollmentServiceTest" time="1.98">
        </testcase>
        <testcase name="testIngestEncounter_datetimeParsing" classname="ProgramEnrollmentServiceTest" time="1.78">
        </testcase>
        <testcase name="testIngestEncounter_existingEnrollment" classname="ProgramEnrollmentServiceTest" time="0.19">
        </testcase>
        <testcase name="testIngestEncounter_invalidBirthdateFormat" classname="ProgramEnrollmentServiceTest" time="1.77">
        </testcase>
        <testcase name="testIngestEncounter_invalidCreatedByUserId" classname="ProgramEnrollmentServiceTest" time="1.70">
        </testcase>
        <testcase name="testIngestEncounter_missingEncounterUuid" classname="ProgramEnrollmentServiceTest" time="1.76">
        </testcase>
        <testcase name="testIngestEncounter_missingPersonUuid" classname="ProgramEnrollmentServiceTest" time="0.06">
        </testcase>
        <testcase name="testIngestEncounter_multipleBenefits" classname="ProgramEnrollmentServiceTest" time="1.81">
        </testcase>
        <testcase name="testIngestEncounter_noProgramFound" classname="ProgramEnrollmentServiceTest" time="1.73">
        </testcase>
        <testcase name="testIngestEncounter_reuseExistingCase" classname="ProgramEnrollmentServiceTest" time="0.26">
        </testcase>
        <testcase name="testIngestEncounter_successPath" classname="ProgramEnrollmentServiceTest" time="2.12">
        </testcase>
        <testcase name="testIngestEncounter_withBirthdate" classname="ProgramEnrollmentServiceTest" time="1.77">
        </testcase>
        <testcase name="testIngestEncounter_withCreatedByUserId" classname="ProgramEnrollmentServiceTest" time="1.87">
        </testcase>
        <testcase name="testIngestEncounter_withEmailAndPhone" classname="ProgramEnrollmentServiceTest" time="1.74">
        </testcase>
        <testcase name="testGetActiveEnrollments" classname="ProgramManagementQueriesTest" time="0.00">
            <failure message="System.DmlException: Insert failed. First exception on row 0; first error: INSUFFICIENT_ACCESS_ON_CROSS_REFERENCE_ENTITY, insufficient access rights on cross-reference id: []"><![CDATA[Class.ProgramManagementQueriesTest.setupTestData: line 24, column 1]]></failure>
        </testcase>
        <testcase name="testGetBenefitAssignments" classname="ProgramManagementQueriesTest" time="0.00">
            <failure message="System.DmlException: Insert failed. First exception on row 0; first error: INSUFFICIENT_ACCESS_ON_CROSS_REFERENCE_ENTITY, insufficient access rights on cross-reference id: []"><![CDATA[Class.ProgramManagementQueriesTest.setupTestData: line 24, column 1]]></failure>
        </testcase>
        <testcase name="testGetBenefitByName" classname="ProgramManagementQueriesTest" time="0.00">
            <failure message="System.DmlException: Insert failed. First exception on row 0; first error: INSUFFICIENT_ACCESS_ON_CROSS_REFERENCE_ENTITY, insufficient access rights on cross-reference id: []"><![CDATA[Class.ProgramManagementQueriesTest.setupTestData: line 24, column 1]]></failure>
        </testcase>
        <testcase name="testGetBenefitDisbursements" classname="ProgramManagementQueriesTest" time="0.00">
            <failure message="System.DmlException: Insert failed. First exception on row 0; first error: INSUFFICIENT_ACCESS_ON_CROSS_REFERENCE_ENTITY, insufficient access rights on cross-reference id: []"><![CDATA[Class.ProgramManagementQueriesTest.setupTestData: line 24, column 1]]></failure>
        </testcase>
        <testcase name="testGetProgramByName" classname="ProgramManagementQueriesTest" time="0.00">
            <failure message="System.DmlException: Insert failed. First exception on row 0; first error: INSUFFICIENT_ACCESS_ON_CROSS_REFERENCE_ENTITY, insufficient access rights on cross-reference id: []"><![CDATA[Class.ProgramManagementQueriesTest.setupTestData: line 24, column 1]]></failure>
        </testcase>
        <testcase name="testTrigger" classname="dlrs_EnhancementsTest" time="0.46">
        </testcase>
        <testcase name="testAbortAllJobs" classname="PsychoSocialRenewalServiceTest" time="0.10">
        </testcase>
        <testcase name="testGetActiveUsers" classname="PsychoSocialRenewalServiceTest" time="0.03">
        </testcase>
        <testcase name="testProcessRenewals_NoInterviews" classname="PsychoSocialRenewalServiceTest" time="0.04">
        </testcase>
        <testcase name="testReassignInterview_Success" classname="PsychoSocialRenewalServiceTest" time="0.02">
        </testcase>
        <testcase name="testRunNow" classname="PsychoSocialRenewalServiceTest" time="0.02">
        </testcase>
        <testcase name="testScheduleDaily" classname="PsychoSocialRenewalServiceTest" time="0.02">
        </testcase>
        <testcase name="testSchedulerExecution" classname="PsychoSocialRenewalServiceTest" time="0.02">
        </testcase>
        <testcase name="testSendRenewalNotification" classname="PsychoSocialRenewalServiceTest" time="0.03">
        </testcase>
        <testcase name="testTrigger" classname="dlrs_IncomeTest" time="0.43">
        </testcase>
        <testcase name="testExecuteWithNoRecords" classname="NoteLockSchedulerTest" time="0.03">
        </testcase>
        <testcase name="testSchedulerExecution" classname="NoteLockSchedulerTest" time="0.06">
        </testcase>
        <testcase name="testReturnALLRandomRecords" classname="ReturnNRandomRecordsTest" time="0.40">
        </testcase>
        <testcase name="testReturnNRandomRecords" classname="ReturnNRandomRecordsTest" time="0.15">
        </testcase>
        <testcase name="testCallDocGenFailure" classname="IncidentDocDownloaderTest" time="1.19">
        </testcase>
        <testcase name="testCallDocGenSuccess" classname="IncidentDocDownloaderTest" time="0.44">
        </testcase>
        <testcase name="testTrigger" classname="dlrs_CaseTest" time="0.76">
        </testcase>
        <testcase name="accountWithContacts" classname="SObjectDeepCloneTests" time="1.83">
            <failure message="System.AssertException: Assertion Failed: Same value: null"><![CDATA[Class.SObjectDeepCloneTests.accountWithContacts: line 22, column 1]]></failure>
        </testcase>
        <testcase name="testTrigger" classname="dlrs_ReferralTest" time="0.05">
        </testcase>
        <testcase name="testCreateFollowUpTask_StillWorks" classname="TaskServiceTest" time="0.26">
        </testcase>
        <testcase name="testCreateValidationTask_AllFieldsPreserved" classname="TaskServiceTest" time="0.05">
        </testcase>
        <testcase name="testCreateValidationTask_CrisisFlag" classname="TaskServiceTest" time="0.03">
        </testcase>
        <testcase name="testCreateValidationTask_DTOVsLegacy_Equivalence" classname="TaskServiceTest" time="0.05">
        </testcase>
        <testcase name="testCreateValidationTask_LegacyOverload_Success" classname="TaskServiceTest" time="0.03">
        </testcase>
        <testcase name="testCreateValidationTask_MultipleTasks" classname="TaskServiceTest" time="0.09">
        </testcase>
        <testcase name="testCreateValidationTask_WithDTO_DefaultConstructor" classname="TaskServiceTest" time="0.03">
        </testcase>
        <testcase name="testCreateValidationTask_WithDTO_NullThrows" classname="TaskServiceTest" time="0.01">
        </testcase>
        <testcase name="testCreateValidationTask_WithDTO_Success" classname="TaskServiceTest" time="0.03">
        </testcase>
        <testcase name="testCreateValidationTask_WithDisbursementId" classname="TaskServiceTest" time="0.12">
        </testcase>
        <testcase name="testCompleteIntakeEnrollment_NullCaseId" classname="CaseManagerHomeControllerTest" time="0.02">
        </testcase>
        <testcase name="testCompleteIntakeEnrollment_WithCase" classname="CaseManagerHomeControllerTest" time="0.10">
        </testcase>
        <testcase name="testCreateOnboardingRecords_MissingName" classname="CaseManagerHomeControllerTest" time="0.01">
        </testcase>
        <testcase name="testCreateOnboardingRecords_MissingProgram" classname="CaseManagerHomeControllerTest" time="0.01">
        </testcase>
        <testcase name="testCreateOnboardingRecords_Success" classname="CaseManagerHomeControllerTest" time="0.01">
        </testcase>
        <testcase name="testExtractPhotoUrl_ViaGetMyCases_WithDataUri" classname="CaseManagerHomeControllerTest" time="0.33">
        </testcase>
        <testcase name="testExtractPhotoUrl_ViaGetMyCases_WithPhotoHtml" classname="CaseManagerHomeControllerTest" time="0.17">
        </testcase>
        <testcase name="testGetActivePrograms" classname="CaseManagerHomeControllerTest" time="0.01">
        </testcase>
        <testcase name="testGetClientDetail_NullIds" classname="CaseManagerHomeControllerTest" time="0.15">
        </testcase>
        <testcase name="testGetClientDetail_WithCase" classname="CaseManagerHomeControllerTest" time="0.12">
        </testcase>
        <testcase name="testGetClientIntakeStatus_NullIds" classname="CaseManagerHomeControllerTest" time="0.01">
        </testcase>
        <testcase name="testGetClientIntakeStatus_WithCase" classname="CaseManagerHomeControllerTest" time="0.05">
        </testcase>
        <testcase name="testGetClientProfile_Null" classname="CaseManagerHomeControllerTest" time="0.01">
        </testcase>
        <testcase name="testGetClientProfile_Success" classname="CaseManagerHomeControllerTest" time="0.15">
        </testcase>
        <testcase name="testGetDemographicFieldOptions" classname="CaseManagerHomeControllerTest" time="0.04">
        </testcase>
        <testcase name="testGetMyCases" classname="CaseManagerHomeControllerTest" time="0.04">
        </testcase>
        <testcase name="testGetPshPrograms" classname="CaseManagerHomeControllerTest" time="0.01">
        </testcase>
        <testcase name="testGetRecentDocumentation_NullIds" classname="CaseManagerHomeControllerTest" time="0.01">
        </testcase>
        <testcase name="testGetRecentDocumentation_WithCase" classname="CaseManagerHomeControllerTest" time="0.36">
        </testcase>
        <testcase name="testGetRecentIncidents" classname="CaseManagerHomeControllerTest" time="0.02">
        </testcase>
        <testcase name="testGetRecentIncidents_NullAccount" classname="CaseManagerHomeControllerTest" time="0.01">
        </testcase>
        <testcase name="testGetRecentInteractions_NullAccount" classname="CaseManagerHomeControllerTest" time="0.02">
        </testcase>
        <testcase name="testGetRecentInteractions_WithAccount" classname="CaseManagerHomeControllerTest" time="0.04">
        </testcase>
        <testcase name="testSaveAccountPhoto" classname="CaseManagerHomeControllerTest" time="0.53">
        </testcase>
        <testcase name="testUpdateClientProfile_BlankJson" classname="CaseManagerHomeControllerTest" time="0.01">
        </testcase>
        <testcase name="testUpdateClientProfile_InvalidPicklistThrows" classname="CaseManagerHomeControllerTest" time="0.07">
        </testcase>
        <testcase name="testUpdateClientProfile_NullAccountId" classname="CaseManagerHomeControllerTest" time="0.01">
        </testcase>
        <testcase name="testUpdateClientProfile_Success" classname="CaseManagerHomeControllerTest" time="0.09">
        </testcase>
        <testcase name="testUpdateClientProfile_WithBooleanCoercion" classname="CaseManagerHomeControllerTest" time="0.12">
        </testcase>
        <testcase name="testUpdateClientProfile_WithDateCoercion" classname="CaseManagerHomeControllerTest" time="0.08">
        </testcase>
        <testcase name="testUpdateClientProfile_WithPicklistCoercion" classname="CaseManagerHomeControllerTest" time="0.12">
        </testcase>
        <testcase name="testGetCurrentUserInfo" classname="InterviewSessionControllerTest" time="0.03">
        </testcase>
        <testcase name="testInitializeSession_NullCaseId" classname="InterviewSessionControllerTest" time="0.01">
        </testcase>
        <testcase name="testInitializeSession_NullTemplateVersionId" classname="InterviewSessionControllerTest" time="0.01">
        </testcase>
        <testcase name="testInitializeSession_Success" classname="InterviewSessionControllerTest" time="0.22">
        </testcase>
        <testcase name="testInnerDTOs_AnswerDTO" classname="InterviewSessionControllerTest" time="0.00">
        </testcase>
        <testcase name="testInnerDTOs_AnswerRestoreDTO" classname="InterviewSessionControllerTest" time="0.00">
        </testcase>
        <testcase name="testInnerDTOs_CarePlanConsentDTO" classname="InterviewSessionControllerTest" time="0.00">
        </testcase>
        <testcase name="testInnerDTOs_CarryForwardCandidateDTO" classname="InterviewSessionControllerTest" time="0.00">
        </testcase>
        <testcase name="testInnerDTOs_DiagnosisInput" classname="InterviewSessionControllerTest" time="0.00">
        </testcase>
        <testcase name="testInnerDTOs_IncomeBenefitRestoreDTO" classname="InterviewSessionControllerTest" time="0.00">
        </testcase>
        <testcase name="testInnerDTOs_InteractionInput" classname="InterviewSessionControllerTest" time="0.00">
        </testcase>
        <testcase name="testInnerDTOs_RecalledInteractionInput" classname="InterviewSessionControllerTest" time="0.00">
        </testcase>
        <testcase name="testInnerDTOs_RecalledInterviewResponse" classname="InterviewSessionControllerTest" time="0.00">
        </testcase>
        <testcase name="testInnerDTOs_SaveRequest" classname="InterviewSessionControllerTest" time="0.00">
        </testcase>
        <testcase name="testInnerDTOs_SaveResult" classname="InterviewSessionControllerTest" time="0.00">
        </testcase>
        <testcase name="testInnerDTOs_ServiceLineConfig" classname="InterviewSessionControllerTest" time="0.00">
        </testcase>
        <testcase name="testInnerDTOs_SessionInitResponse" classname="InterviewSessionControllerTest" time="0.00">
        </testcase>
        <testcase name="testInnerDTOs_TemplateDTO" classname="InterviewSessionControllerTest" time="0.00">
        </testcase>
        <testcase name="testInnerDTOs_TemplateSectionAndQuestion" classname="InterviewSessionControllerTest" time="0.00">
        </testcase>
        <testcase name="testLinkFilesToCase_EmptyList" classname="InterviewSessionControllerTest" time="0.01">
        </testcase>
        <testcase name="testLinkFilesToCase_NullCaseId" classname="InterviewSessionControllerTest" time="0.01">
        </testcase>
        <testcase name="testLinkFilesToCase_Success" classname="InterviewSessionControllerTest" time="0.13">
        </testcase>
        <testcase name="testLoadRecalledInterview_InvalidId" classname="InterviewSessionControllerTest" time="0.03">
        </testcase>
        <testcase name="testLoadRecalledInterview_NullId" classname="InterviewSessionControllerTest" time="0.01">
        </testcase>
        <testcase name="testLoadRecalledInterview_Success" classname="InterviewSessionControllerTest" time="0.20">
        </testcase>
        <testcase name="testSaveInterviewSession_InvalidJson" classname="InterviewSessionControllerTest" time="0.01">
        </testcase>
        <testcase name="testSaveInterviewSession_MinimalValid" classname="InterviewSessionControllerTest" time="0.07">
        </testcase>
        <testcase name="testSaveInterviewSession_MissingCaseId" classname="InterviewSessionControllerTest" time="0.01">
        </testcase>
        <testcase name="testSaveInterviewSession_MissingTemplateVersionId" classname="InterviewSessionControllerTest" time="0.01">
        </testcase>
        <testcase name="testSaveInterviewSession_NullRequest" classname="InterviewSessionControllerTest" time="0.01">
        </testcase>
        <testcase name="testSaveInterviewSession_WithAnswers" classname="InterviewSessionControllerTest" time="0.06">
        </testcase>
        <testcase name="testSaveInterviewSession_WithCarePlanConsent" classname="InterviewSessionControllerTest" time="0.07">
        </testcase>
        <testcase name="testSaveInterviewSession_WithDiagnoses" classname="InterviewSessionControllerTest" time="0.06">
        </testcase>
        <testcase name="testSaveInterviewSession_WithManagerCoSign" classname="InterviewSessionControllerTest" time="0.06">
        </testcase>
        <testcase name="testUpdateInterviewSignatures_ManagerApproval" classname="InterviewSessionControllerTest" time="0.07">
        </testcase>
        <testcase name="testUpdateInterviewSignatures_NoSignatures" classname="InterviewSessionControllerTest" time="0.01">
        </testcase>
        <testcase name="testUpdateInterviewSignatures_NullId" classname="InterviewSessionControllerTest" time="0.01">
        </testcase>
        <testcase name="testUpdateInterviewSignatures_TreatmentPlan" classname="InterviewSessionControllerTest" time="0.01">
        </testcase>
        <testcase name="testUpdateInterviewSignatures_WithClientSignature" classname="InterviewSessionControllerTest" time="0.05">
        </testcase>
        <testcase name="testUpdateInterviewSignatures_WithStaffSignature" classname="InterviewSessionControllerTest" time="0.05">
        </testcase>
        <testcase name="testCreateAssignmentAndDisbursement" classname="BenefitAssignmentFlowTest" time="0.63">
        </testcase>
        <testcase name="testGetBenefitTypes" classname="BenefitServiceTest" time="0.00">
        </testcase>
        <testcase name="testGetBenefitsByInvalidType" classname="BenefitServiceTest" time="0.01">
        </testcase>
        <testcase name="testGetBenefitsByType_Housing" classname="BenefitServiceTest" time="0.01">
        </testcase>
        <testcase name="testGetProgramIdByName" classname="BenefitServiceTest" time="0.00">
        </testcase>
        <testcase name="CanGetRecordsFromIds" classname="GetRecordsFromIdsTest" time="0.02">
        </testcase>
        <testcase name="testApproveNote_Interaction" classname="PendingDocumentationControllerTest" time="0.17">
        </testcase>
        <testcase name="testApproveNote_Interview" classname="PendingDocumentationControllerTest" time="0.11">
        </testcase>
        <testcase name="testClearAction_Interaction" classname="PendingDocumentationControllerTest" time="0.04">
        </testcase>
        <testcase name="testClearAction_Interview" classname="PendingDocumentationControllerTest" time="0.01">
        </testcase>
        <testcase name="testClearOpenRequest_Null" classname="PendingDocumentationControllerTest" time="0.00">
        </testcase>
        <testcase name="testClearOpenRequest_Valid" classname="PendingDocumentationControllerTest" time="0.31">
        </testcase>
        <testcase name="testCreateOpenRequest_MissingRequiredFields" classname="PendingDocumentationControllerTest" time="0.01">
        </testcase>
        <testcase name="testDTO_Goal" classname="PendingDocumentationControllerTest" time="0.00">
        </testcase>
        <testcase name="testDTO_InterviewSignature" classname="PendingDocumentationControllerTest" time="0.00">
        </testcase>
        <testcase name="testDTO_NoteApproval" classname="PendingDocumentationControllerTest" time="0.00">
        </testcase>
        <testcase name="testDTO_OpenRequest" classname="PendingDocumentationControllerTest" time="0.00">
        </testcase>
        <testcase name="testDTO_PendingItemLink" classname="PendingDocumentationControllerTest" time="0.00">
        </testcase>
        <testcase name="testDTO_PendingNotificationSummary" classname="PendingDocumentationControllerTest" time="0.00">
        </testcase>
        <testcase name="testDTO_UnsignedInteraction" classname="PendingDocumentationControllerTest" time="0.00">
        </testcase>
        <testcase name="testFlagForAction_Interaction" classname="PendingDocumentationControllerTest" time="0.06">
        </testcase>
        <testcase name="testFlagForAction_Interview" classname="PendingDocumentationControllerTest" time="0.05">
        </testcase>
        <testcase name="testGetCurrentUserManagerInfo" classname="PendingDocumentationControllerTest" time="0.01">
        </testcase>
        <testcase name="testGetInterviewForSignature_NullId" classname="PendingDocumentationControllerTest" time="0.01">
        </testcase>
        <testcase name="testGetInterviewForSignature_Success" classname="PendingDocumentationControllerTest" time="0.14">
        </testcase>
        <testcase name="testGetMyActionItems" classname="PendingDocumentationControllerTest" time="0.08">
        </testcase>
        <testcase name="testGetNoteForApproval_Interaction_HtmlUnescape" classname="PendingDocumentationControllerTest" time="0.28">
        </testcase>
        <testcase name="testGetNoteForApproval_Interview_Sections" classname="PendingDocumentationControllerTest" time="0.22">
        </testcase>
        <testcase name="testGetNoteForApproval_NullId_Interaction" classname="PendingDocumentationControllerTest" time="0.04">
        </testcase>
        <testcase name="testGetNoteForApproval_NullId_Interview" classname="PendingDocumentationControllerTest" time="0.04">
        </testcase>
        <testcase name="testGetOpenRequest_NullCase" classname="PendingDocumentationControllerTest" time="0.00">
        </testcase>
        <testcase name="testGetPendingManagerApprovals_NullCase" classname="PendingDocumentationControllerTest" time="0.11">
        </testcase>
        <testcase name="testGetPendingManagerApprovals_WithCase" classname="PendingDocumentationControllerTest" time="0.11">
        </testcase>
        <testcase name="testGetPendingNotificationSummary" classname="PendingDocumentationControllerTest" time="0.01">
        </testcase>
        <testcase name="testGetSigningAuthorities" classname="PendingDocumentationControllerTest" time="0.04">
        </testcase>
        <testcase name="testGetUnsignedInteractions_NullCase" classname="PendingDocumentationControllerTest" time="0.00">
        </testcase>
        <testcase name="testGetUnsignedInteractions_WithCase" classname="PendingDocumentationControllerTest" time="0.16">
        </testcase>
        <testcase name="testGetUnsignedInterviews_NullCase" classname="PendingDocumentationControllerTest" time="0.02">
        </testcase>
        <testcase name="testGetUnsignedInterviews_WithCase" classname="PendingDocumentationControllerTest" time="0.02">
        </testcase>
        <testcase name="testManagerApprove_Interaction" classname="PendingDocumentationControllerTest" time="0.07">
        </testcase>
        <testcase name="testOpenRequest_RoundTrip" classname="PendingDocumentationControllerTest" time="0.03">
        </testcase>
        <testcase name="testRecallAction_Interaction" classname="PendingDocumentationControllerTest" time="0.04">
        </testcase>
        <testcase name="testRecallAction_Interview" classname="PendingDocumentationControllerTest" time="0.01">
        </testcase>
        <testcase name="testRejectNote_BlankReason" classname="PendingDocumentationControllerTest" time="0.01">
        </testcase>
        <testcase name="testRejectNote_Interaction" classname="PendingDocumentationControllerTest" time="0.06">
        </testcase>
        <testcase name="testRejectNote_Interview" classname="PendingDocumentationControllerTest" time="0.12">
        </testcase>
        <testcase name="testRequestManagerApproval_Interaction" classname="PendingDocumentationControllerTest" time="0.07">
        </testcase>
        <testcase name="testRequestManagerApproval_Interview" classname="PendingDocumentationControllerTest" time="0.10">
        </testcase>
        <testcase name="testRequestManagerApproval_NullApprover" classname="PendingDocumentationControllerTest" time="0.01">
        </testcase>
        <testcase name="testUpdateInterviewSignatures_NoSignatures" classname="PendingDocumentationControllerTest" time="0.16">
        </testcase>
        <testcase name="testUpdateInterviewSignatures_NullId" classname="PendingDocumentationControllerTest" time="0.01">
        </testcase>
        <testcase name="addOrInsertRecordFirstTest" classname="ListActionsTest" time="0.02">
        </testcase>
        <testcase name="canCalculateCollection" classname="ListActionsTest" time="0.02">
        </testcase>
        <testcase name="canGetChildCollection_childSobjectName" classname="ListActionsTest" time="0.36">
        </testcase>
        <testcase name="canGetChildCollection_dualInputsError" classname="ListActionsTest" time="0.01">
        </testcase>
        <testcase name="canGetChildCollection_inputRecord" classname="ListActionsTest" time="0.02">
        </testcase>
        <testcase name="canGetChildCollection_inputRecordId" classname="ListActionsTest" time="0.02">
        </testcase>
        <testcase name="canGetChildCollection_noInputsError" classname="ListActionsTest" time="0.01">
        </testcase>
        <testcase name="canGetLookupCollection" classname="ListActionsTest" time="0.40">
        </testcase>
        <testcase name="cloneRecordTests" classname="ListActionsTest" time="1.14">
            <failure message="System.AssertException: Assertion Failed: Same value: null"><![CDATA[Class.ListActionsTest.cloneRecordTests: line 273, column 1]]></failure>
        </testcase>
        <testcase name="copyCollectionTest" classname="ListActionsTest" time="0.02">
        </testcase>
        <testcase name="countRecordsAndFieldsTest" classname="ListActionsTest" time="0.02">
        </testcase>
        <testcase name="evaluateFormulaTest" classname="ListActionsTest" time="0.01">
        </testcase>
        <testcase name="filterCollectionTest" classname="ListActionsTest" time="0.27">
        </testcase>
        <testcase name="findRecordsInCollectionTest" classname="ListActionsTest" time="0.05">
        </testcase>
        <testcase name="generateReportTest" classname="ListActionsTest" time="0.17">
        </testcase>
        <testcase name="getFirstTest" classname="ListActionsTest" time="0.01">
        </testcase>
        <testcase name="joinCollectionTest" classname="ListActionsTest" time="0.03">
        </testcase>
        <testcase name="mapCollection" classname="ListActionsTest" time="0.14">
        </testcase>
        <testcase name="removeRecordInCollectionTest" classname="ListActionsTest" time="0.02">
        </testcase>
        <testcase name="sortCollectionTest" classname="ListActionsTest" time="0.03">
        </testcase>
        <testcase name="testSearchUsers_BlankSearchTerm_ReturnsEmptyList" classname="UserLookupControllerTest" time="0.03">
        </testcase>
        <testcase name="testSearchUsers_ByEmail_ReturnsMatchingUsers" classname="UserLookupControllerTest" time="0.07">
        </testcase>
        <testcase name="testSearchUsers_NoMatchingUsers_ReturnsEmptyList" classname="UserLookupControllerTest" time="0.06">
        </testcase>
        <testcase name="testSearchUsers_PartialName_ReturnsMatchingUsers" classname="UserLookupControllerTest" time="0.05">
        </testcase>
        <testcase name="testSearchUsers_WithPermissionSet_ReturnsMatchingUsers" classname="UserLookupControllerTest" time="0.09">
        </testcase>
        <testcase name="testCreateAssignmentAndDisbursement" classname="BenefitDisbursementServiceTest" time="0.19">
        </testcase>
        <testcase name="testCreateDisbursements_AutoCreateAssignment" classname="BenefitDisbursementServiceTest" time="0.01">
        </testcase>
        <testcase name="testCreateDisbursements_ErrorHandling" classname="BenefitDisbursementServiceTest" time="0.16">
        </testcase>
        <testcase name="testCreateDisbursements_TimeBasedBenefit" classname="BenefitDisbursementServiceTest" time="0.01">
        </testcase>
        <testcase name="testCreateDisbursements_WithExistingAssignment" classname="BenefitDisbursementServiceTest" time="0.01">
        </testcase>
        <testcase name="testGetBenefits" classname="BenefitDisbursementServiceTest" time="0.04">
        </testcase>
        <testcase name="testGetEventTypes" classname="BenefitDisbursementServiceTest" time="0.04">
        </testcase>
        <testcase name="testSyncHousingBenefitDisbursements_BackfillsFromEnrollmentStart" classname="BenefitDisbursementServiceTest" time="0.08">
        </testcase>
        <testcase name="test" classname="ReturnFirstNRecordsTest" time="0.66">
        </testcase>
        <testcase name="testCompareRecords" classname="FindCommonAndUniqueRecordsTest" time="0.04">
        </testcase>
        <testcase name="testEmptyCollection" classname="FindCommonAndUniqueRecordsTest" time="0.03">
        </testcase>
        <testcase name="testUserWithoutPermissionSetAssignments" classname="FindCommonAndUniqueRecordsTest" time="2.18">
        </testcase>
        <testcase name="testTrigger" classname="dlrs_PublicComplaintTest" time="0.06">
        </testcase>
        <testcase name="GetFirstReturnsFirstResult" classname="GetFirstTest" time="0.01">
        </testcase>
        <testcase name="testCreateAssignmentAndDisbursement" classname="BenefitAssignmentTest" time="0.42">
        </testcase>
        <testcase name="getDocumentContentRejectsBlankId" classname="BillingExportControllerTest" time="0.01">
        </testcase>
        <testcase name="getDocumentContentRejectsNullId" classname="BillingExportControllerTest" time="0.01">
        </testcase>
        <testcase name="getDocumentContentReturnsCanonicalPdf" classname="BillingExportControllerTest" time="0.61">
        </testcase>
        <testcase name="getDocumentContentThrowsForBadSummaryId" classname="BillingExportControllerTest" time="0.01">
        </testcase>
        <testcase name="getDocumentContentThrowsWhenNoPdf" classname="BillingExportControllerTest" time="0.04">
        </testcase>
        <testcase name="getExportDataPopulatesPdfTitle" classname="BillingExportControllerTest" time="0.08">
        </testcase>
        <testcase name="getExportDataReturnsRowsWithNoFilters" classname="BillingExportControllerTest" time="0.03">
        </testcase>
        <testcase name="getExportDataWithBillingStatusFilter" classname="BillingExportControllerTest" time="0.03">
        </testcase>
        <testcase name="getExportDataWithDateFilter" classname="BillingExportControllerTest" time="0.04">
        </testcase>
        <testcase name="getExportDataWithDateFilterExcludes" classname="BillingExportControllerTest" time="0.01">
        </testcase>
        <testcase name="getExportDataWithNoteTypeFilter" classname="BillingExportControllerTest" time="0.04">
        </testcase>
        <testcase name="getExportDataWithRowLimit" classname="BillingExportControllerTest" time="0.03">
        </testcase>
        <testcase name="getFilterOptionsReturnsPicklists" classname="BillingExportControllerTest" time="0.03">
        </testcase>
        <testcase name="lookupOptionConstructor" classname="BillingExportControllerTest" time="0.00">
        </testcase>
        <testcase name="picklistEntryConstructor" classname="BillingExportControllerTest" time="0.00">
        </testcase>
        <testcase name="updateBillingStatusRejectsBlankStatus" classname="BillingExportControllerTest" time="0.01">
        </testcase>
        <testcase name="updateBillingStatusRejectsEmpty" classname="BillingExportControllerTest" time="0.01">
        </testcase>
        <testcase name="updateBillingStatusRejectsNull" classname="BillingExportControllerTest" time="0.00">
        </testcase>
        <testcase name="updateBillingStatusSuccess" classname="BillingExportControllerTest" time="0.04">
        </testcase>
        <testcase name="testGetAvailableCptCodes_CaseManagement" classname="ClinicalNoteControllerTest" time="0.02">
        </testcase>
        <testcase name="testGetAvailableCptCodes_Clinical" classname="ClinicalNoteControllerTest" time="0.01">
        </testcase>
        <testcase name="testGetAvailableCptCodes_CompAssess" classname="ClinicalNoteControllerTest" time="0.01">
        </testcase>
        <testcase name="testGetAvailableCptCodes_NullType" classname="ClinicalNoteControllerTest" time="0.01">
        </testcase>
        <testcase name="testGetAvailableCptCodes_Peer" classname="ClinicalNoteControllerTest" time="0.01">
        </testcase>
        <testcase name="testGetCarePlanDetails_NullCaseId" classname="ClinicalNoteControllerTest" time="0.01">
        </testcase>
        <testcase name="testGetCarePlanDetails_Success" classname="ClinicalNoteControllerTest" time="0.09">
        </testcase>
        <testcase name="testGetCaseManagementBenefits" classname="ClinicalNoteControllerTest" time="0.10">
        </testcase>
        <testcase name="testGetClinicalBenefits" classname="ClinicalNoteControllerTest" time="0.05">
        </testcase>
        <testcase name="testGetClinicalBenefits_NullCase" classname="ClinicalNoteControllerTest" time="0.01">
        </testcase>
        <testcase name="testGetExistingDiagnoses" classname="ClinicalNoteControllerTest" time="0.06">
        </testcase>
        <testcase name="testGetExistingDiagnoses_NullParams" classname="ClinicalNoteControllerTest" time="0.03">
        </testcase>
        <testcase name="testGetPeerBenefits" classname="ClinicalNoteControllerTest" time="0.05">
        </testcase>
        <testcase name="testInitClinicalNote_NewNote" classname="ClinicalNoteControllerTest" time="0.17">
        </testcase>
        <testcase name="testInitClinicalNote_NullCaseId" classname="ClinicalNoteControllerTest" time="0.00">
        </testcase>
        <testcase name="testInitClinicalNote_WithExistingNote" classname="ClinicalNoteControllerTest" time="0.29">
        </testcase>
        <testcase name="testInnerClassCoverage" classname="ClinicalNoteControllerTest" time="0.00">
        </testcase>
        <testcase name="testSaveClinicalNoteRequest_AllFieldsPopulated" classname="ClinicalNoteControllerTest" time="0.64">
        </testcase>
        <testcase name="testSaveClinicalNoteRequest_AmendRejectedNote" classname="ClinicalNoteControllerTest" time="0.29">
        </testcase>
        <testcase name="testSaveClinicalNoteRequest_BlankJson" classname="ClinicalNoteControllerTest" time="0.01">
        </testcase>
        <testcase name="testSaveClinicalNoteRequest_CaseManagementNoteType" classname="ClinicalNoteControllerTest" time="0.11">
        </testcase>
        <testcase name="testSaveClinicalNoteRequest_CreateNew" classname="ClinicalNoteControllerTest" time="0.10">
        </testcase>
        <testcase name="testSaveClinicalNoteRequest_EndTimeBeforeStartTime" classname="ClinicalNoteControllerTest" time="0.04">
        </testcase>
        <testcase name="testSaveClinicalNoteRequest_ManagerCoSignNoApprover" classname="ClinicalNoteControllerTest" time="0.04">
        </testcase>
        <testcase name="testSaveClinicalNoteRequest_MissingCaseId" classname="ClinicalNoteControllerTest" time="0.01">
        </testcase>
        <testcase name="testSaveClinicalNoteRequest_MissingTimes" classname="ClinicalNoteControllerTest" time="0.04">
        </testcase>
        <testcase name="testSaveClinicalNoteRequest_NullJson" classname="ClinicalNoteControllerTest" time="0.01">
        </testcase>
        <testcase name="testSaveClinicalNoteRequest_PeerNoteType" classname="ClinicalNoteControllerTest" time="0.11">
        </testcase>
        <testcase name="testSaveClinicalNoteRequest_PeerWithExistingDiagOnly" classname="ClinicalNoteControllerTest" time="0.47">
        </testcase>
        <testcase name="testSaveClinicalNoteRequest_UpdateExisting" classname="ClinicalNoteControllerTest" time="0.14">
        </testcase>
        <testcase name="testSaveClinicalNoteRequest_WithBenefits" classname="ClinicalNoteControllerTest" time="0.10">
        </testcase>
        <testcase name="testSaveClinicalNoteRequest_WithCptCodes" classname="ClinicalNoteControllerTest" time="0.17">
        </testcase>
        <testcase name="testSaveClinicalNoteRequest_WithDiagnoses" classname="ClinicalNoteControllerTest" time="0.25">
        </testcase>
        <testcase name="testSaveClinicalNoteRequest_WithGoalAssignments" classname="ClinicalNoteControllerTest" time="0.24">
        </testcase>
        <testcase name="testSaveClinicalNoteRequest_WithGoalWorkDetails" classname="ClinicalNoteControllerTest" time="0.21">
        </testcase>
        <testcase name="testSaveClinicalNoteRequest_WithManagerCoSign" classname="ClinicalNoteControllerTest" time="0.10">
        </testcase>
        <testcase name="testSaveClinicalNoteRequest_WithSsrsAssessment" classname="ClinicalNoteControllerTest" time="0.43">
        </testcase>
        <testcase name="testSaveClinicalNoteWithDiagnoses_DeprecatedWrapper" classname="ClinicalNoteControllerTest" time="0.36">
        </testcase>
        <testcase name="testSaveClinicalNote_DeprecatedWrapper" classname="ClinicalNoteControllerTest" time="0.21">
        </testcase>
        <testcase name="testSaveGoalAssignmentDetails_EmptyList" classname="ClinicalNoteControllerTest" time="0.07">
        </testcase>
        <testcase name="testSaveGoalAssignmentDetails_NullList" classname="ClinicalNoteControllerTest" time="0.07">
        </testcase>
        <testcase name="testSaveGoalAssignmentDetails_Success" classname="ClinicalNoteControllerTest" time="0.18">
        </testcase>
        <testcase name="testUpdateCarePlanReviewDates_NullCaseId" classname="ClinicalNoteControllerTest" time="0.01">
        </testcase>
        <testcase name="testUpdateCarePlanReviewDates_Success" classname="ClinicalNoteControllerTest" time="0.08">
        </testcase>
    </testsuite>
</testsuites>
